# JRE version: Java(TM) SE Runtime Environment (15.0.1+9) (build 15.0.1+9-18)
# Java VM: Java HotSpot(TM) 64-Bit Server VM (15.0.1+9-18, mixed mode, sharing, tiered, compressed oops, g1 gc, windows-amd64)
GC Precious Log:
 CPUs: 8 total, 8 available
 Memory: 16235M
 Large Page Support: Disabled
 NUMA Support: Disabled
 Compressed Oops: Enabled (Zero based)
 Heap Region Size: 2M
 Heap Min Capacity: 8M
 Heap Initial Capacity: 254M
 Heap Max Capacity: 4060M
 Pre-touch: Disabled
 Parallel Workers: 8
 Concurrent Workers: 2
 Concurrent Refinement Workers: 8
 Periodic GC: Disabled
Heap:
 garbage-first heap   total 260096K, used 59596K [0x0000000702400000, 0x0000000800000000)
  region size 2048K, 28 young (57344K), 2 survivors (4096K)
 Metaspace       used 18411K, capacity 18757K, committed 18944K, reserved 1064960K
  class space    used 2405K, capacity 2499K, committed 2560K, reserved 1048576K
GC Heap History (6 events):
Event: 20.561 GC heap before
{Heap before GC invocations=0 (full 0):
 garbage-first heap   total 260096K, used 20480K [0x0000000702400000, 0x0000000800000000)
  region size 2048K, 11 young (22528K), 0 survivors (0K)
 Metaspace       used 6790K, capacity 6990K, committed 7040K, reserved 1056768K
  class space    used 804K, capacity 873K, committed 896K, reserved 1048576K
}
Event: 20.566 GC heap after
{Heap after GC invocations=1 (full 0):
 garbage-first heap   total 260096K, used 7459K [0x0000000702400000, 0x0000000800000000)
  region size 2048K, 2 young (4096K), 2 survivors (4096K)
 Metaspace       used 6790K, capacity 6990K, committed 7040K, reserved 1056768K
  class space    used 804K, capacity 873K, committed 896K, reserved 1048576K
}
Event: 28.892 GC heap before
{Heap before GC invocations=1 (full 0):
 garbage-first heap   total 260096K, used 25891K [0x0000000702400000, 0x0000000800000000)
  region size 2048K, 11 young (22528K), 2 survivors (4096K)
 Metaspace       used 10859K, capacity 11103K, committed 11264K, reserved 1058816K
  class space    used 1407K, capacity 1493K, committed 1536K, reserved 1048576K
}
Event: 28.896 GC heap after
{Heap after GC invocations=2 (full 0):
 garbage-first heap   total 260096K, used 9067K [0x0000000702400000, 0x0000000800000000)
  region size 2048K, 1 young (2048K), 1 survivors (2048K)
 Metaspace       used 10859K, capacity 11103K, committed 11264K, reserved 1058816K
  class space    used 1407K, capacity 1493K, committed 1536K, reserved 1048576K
}
Event: 36.504 GC heap before
{Heap before GC invocations=2 (full 0):
 garbage-first heap   total 260096K, used 52075K [0x0000000702400000, 0x0000000800000000)
  region size 2048K, 23 young (47104K), 1 survivors (2048K)
 Metaspace       used 14948K, capacity 15248K, committed 15360K, reserved 1062912K
  class space    used 1926K, capacity 2020K, committed 2048K, reserved 1048576K
}
Event: 36.508 GC heap after
{Heap after GC invocations=3 (full 0):
 garbage-first heap   total 260096K, used 10444K [0x0000000702400000, 0x0000000800000000)
  region size 2048K, 2 young (4096K), 2 survivors (4096K)
 Metaspace       used 14948K, capacity 15248K, committed 15360K, reserved 1062912K
  class space    used 1926K, capacity 2020K, committed 2048K, reserved 1048576K
}

