# JRE version: Java(TM) SE Runtime Environment (15.0.1+9) (build 15.0.1+9-18)
# Java VM: Java HotSpot(TM) 64-Bit Server VM (15.0.1+9-18, mixed mode, sharing, tiered, compressed oops, g1 gc, windows-amd64)
GC Precious Log:
 CPUs: 8 total, 8 available
 Memory: 16235M
 Large Page Support: Disabled
 NUMA Support: Disabled
 Compressed Oops: Enabled (Zero based)
 Heap Region Size: 2M
 Heap Min Capacity: 8M
 Heap Initial Capacity: 254M
 Heap Max Capacity: 4060M
 Pre-touch: Disabled
 Parallel Workers: 8
 Concurrent Workers: 2
 Concurrent Refinement Workers: 8
 Periodic GC: Disabled
Heap:
 garbage-first heap   total 65536K, used 21156K [0x0000000702400000, 0x0000000800000000)
  region size 2048K, 2 young (4096K), 1 survivors (2048K)
 Metaspace       used 35655K, capacity 36013K, committed 36176K, reserved 1081344K
  class space    used 4643K, capacity 4775K, committed 4864K, reserved 1048576K
GC Heap History (18 events):
Event: 6.088 GC heap before
{Heap before GC invocations=0 (full 0):
 garbage-first heap   total 260096K, used 22528K [0x0000000702400000, 0x0000000800000000)
  region size 2048K, 11 young (22528K), 0 survivors (0K)
 Metaspace       used 7085K, capacity 7317K, committed 7680K, reserved 1056768K
  class space    used 849K, capacity 916K, committed 1024K, reserved 1048576K
}
Event: 6.095 GC heap after
{Heap after GC invocations=1 (full 0):
 garbage-first heap   total 260096K, used 7404K [0x0000000702400000, 0x0000000800000000)
  region size 2048K, 2 young (4096K), 2 survivors (4096K)
 Metaspace       used 7085K, capacity 7317K, committed 7680K, reserved 1056768K
  class space    used 849K, capacity 916K, committed 1024K, reserved 1048576K
}
Event: 6.759 GC heap before
{Heap before GC invocations=1 (full 0):
 garbage-first heap   total 260096K, used 23788K [0x0000000702400000, 0x0000000800000000)
  region size 2048K, 10 young (20480K), 2 survivors (4096K)
 Metaspace       used 10513K, capacity 10752K, committed 11008K, reserved 1058816K
  class space    used 1367K, capacity 1420K, committed 1536K, reserved 1048576K
}
Event: 6.768 GC heap after
{Heap after GC invocations=2 (full 0):
 garbage-first heap   total 260096K, used 8676K [0x0000000702400000, 0x0000000800000000)
  region size 2048K, 1 young (2048K), 1 survivors (2048K)
 Metaspace       used 10513K, capacity 10752K, committed 11008K, reserved 1058816K
  class space    used 1367K, capacity 1420K, committed 1536K, reserved 1048576K
}
Event: 7.782 GC heap before
{Heap before GC invocations=2 (full 0):
 garbage-first heap   total 260096K, used 49636K [0x0000000702400000, 0x0000000800000000)
  region size 2048K, 22 young (45056K), 1 survivors (2048K)
 Metaspace       used 14883K, capacity 15184K, committed 15360K, reserved 1062912K
  class space    used 1911K, capacity 2020K, committed 2048K, reserved 1048576K
}
Event: 7.786 GC heap after
{Heap after GC invocations=3 (full 0):
 garbage-first heap   total 260096K, used 9956K [0x0000000702400000, 0x0000000800000000)
  region size 2048K, 2 young (4096K), 2 survivors (4096K)
 Metaspace       used 14883K, capacity 15184K, committed 15360K, reserved 1062912K
  class space    used 1911K, capacity 2020K, committed 2048K, reserved 1048576K
}
Event: 9.561 GC heap before
{Heap before GC invocations=3 (full 0):
 garbage-first heap   total 260096K, used 75492K [0x0000000702400000, 0x0000000800000000)
  region size 2048K, 36 young (73728K), 2 survivors (4096K)
 Metaspace       used 20861K, capacity 21108K, committed 21296K, reserved 1067008K
  class space    used 2758K, capacity 2853K, committed 2944K, reserved 1048576K
}
Event: 9.568 GC heap after
{Heap after GC invocations=4 (full 0):
 garbage-first heap   total 260096K, used 13066K [0x0000000702400000, 0x0000000800000000)
  region size 2048K, 3 young (6144K), 3 survivors (6144K)
 Metaspace       used 20861K, capacity 21108K, committed 21296K, reserved 1067008K
  class space    used 2758K, capacity 2853K, committed 2944K, reserved 1048576K
}
Event: 10.462 GC heap before
{Heap before GC invocations=5 (full 0):
 garbage-first heap   total 55296K, used 51978K [0x0000000702400000, 0x0000000800000000)
  region size 2048K, 23 young (47104K), 3 survivors (6144K)
 Metaspace       used 24750K, capacity 25108K, committed 25392K, reserved 1071104K
  class space    used 3264K, capacity 3385K, committed 3456K, reserved 1048576K
}
Event: 10.473 GC heap after
{Heap after GC invocations=6 (full 0):
 garbage-first heap   total 65536K, used 16473K [0x0000000702400000, 0x0000000800000000)
  region size 2048K, 5 young (10240K), 5 survivors (10240K)
 Metaspace       used 24750K, capacity 25108K, committed 25392K, reserved 1071104K
  class space    used 3264K, capacity 3385K, committed 3456K, reserved 1048576K
}
Event: 10.482 GC heap before
{Heap before GC invocations=6 (full 0):
 garbage-first heap   total 65536K, used 41049K [0x0000000702400000, 0x0000000800000000)
  region size 2048K, 18 young (36864K), 5 survivors (10240K)
 Metaspace       used 24750K, capacity 25108K, committed 25392K, reserved 1071104K
  class space    used 3264K, capacity 3385K, committed 3456K, reserved 1048576K
}
Event: 10.492 GC heap after
{Heap after GC invocations=7 (full 0):
 garbage-first heap   total 65536K, used 17788K [0x0000000702400000, 0x0000000800000000)
  region size 2048K, 1 young (2048K), 1 survivors (2048K)
 Metaspace       used 24750K, capacity 25108K, committed 25392K, reserved 1071104K
  class space    used 3264K, capacity 3385K, committed 3456K, reserved 1048576K
}
Event: 11.271 GC heap before
{Heap before GC invocations=7 (full 0):
 garbage-first heap   total 65536K, used 42364K [0x0000000702400000, 0x0000000800000000)
  region size 2048K, 14 young (28672K), 1 survivors (2048K)
 Metaspace       used 27619K, capacity 27977K, committed 28080K, reserved 1073152K
  class space    used 3603K, capacity 3744K, committed 3840K, reserved 1048576K
}
Event: 11.274 GC heap after
{Heap after GC invocations=8 (full 0):
 garbage-first heap   total 65536K, used 18251K [0x0000000702400000, 0x0000000800000000)
  region size 2048K, 1 young (2048K), 1 survivors (2048K)
 Metaspace       used 27619K, capacity 27977K, committed 28080K, reserved 1073152K
  class space    used 3603K, capacity 3744K, committed 3840K, reserved 1048576K
}
Event: 11.799 GC heap before
{Heap before GC invocations=8 (full 0):
 garbage-first heap   total 65536K, used 44875K [0x0000000702400000, 0x0000000800000000)
  region size 2048K, 15 young (30720K), 1 survivors (2048K)
 Metaspace       used 33290K, capacity 33738K, committed 33968K, reserved 1079296K
  class space    used 4340K, capacity 4486K, committed 4608K, reserved 1048576K
}
Event: 11.803 GC heap after
{Heap after GC invocations=9 (full 0):
 garbage-first heap   total 65536K, used 20362K [0x0000000702400000, 0x0000000800000000)
  region size 2048K, 2 young (4096K), 2 survivors (4096K)
 Metaspace       used 33290K, capacity 33738K, committed 33968K, reserved 1079296K
  class space    used 4340K, capacity 4486K, committed 4608K, reserved 1048576K
}
Event: 12.004 GC heap before
{Heap before GC invocations=9 (full 0):
 garbage-first heap   total 65536K, used 24458K [0x0000000702400000, 0x0000000800000000)
  region size 2048K, 6 young (12288K), 2 survivors (4096K)
 Metaspace       used 35375K, capacity 35757K, committed 35920K, reserved 1081344K
  class space    used 4620K, capacity 4775K, committed 4864K, reserved 1048576K
}
Event: 12.008 GC heap after
{Heap after GC invocations=10 (full 0):
 garbage-first heap   total 65536K, used 21156K [0x0000000702400000, 0x0000000800000000)
  region size 2048K, 1 young (2048K), 1 survivors (2048K)
 Metaspace       used 35375K, capacity 35757K, committed 35920K, reserved 1081344K
  class space    used 4620K, capacity 4775K, committed 4864K, reserved 1048576K
}

